C:\USERS\YIXI\YUZURIHA-INORI\CHESSBOARD1\CHESSBOARD1\DEBUG\MAIN.OBJ
C:\USERS\YIXI\YUZURIHA-INORI\CHESSBOARD1\CHESSBOARD1\DEBUG\VC110.PDB
C:\USERS\YIXI\YUZURIHA-INORI\CHESSBOARD1\CHESSBOARD1\DEBUG\CHESSBOARD.OBJ
C:\USERS\YIXI\YUZURIHA-INORI\CHESSBOARD1\DEBUG\CHESSBOARD1.ILK
C:\USERS\YIXI\YUZURIHA-INORI\CHESSBOARD1\DEBUG\CHESSBOARD1.EXE
C:\USERS\YIXI\YUZURIHA-INORI\CHESSBOARD1\DEBUG\CHESSBOARD1.PDB
C:\Users\yixi\Yuzuriha-Inori\chessboard1\chessboard1\Debug\chessboard.obj
C:\Users\yixi\Yuzuriha-Inori\chessboard1\chessboard1\Debug\main.obj
C:\Users\yixi\Yuzuriha-Inori\chessboard1\chessboard1\Debug\cl.command.1.tlog
C:\Users\yixi\Yuzuriha-Inori\chessboard1\chessboard1\Debug\CL.read.1.tlog
C:\Users\yixi\Yuzuriha-Inori\chessboard1\chessboard1\Debug\CL.write.1.tlog
C:\Users\yixi\Yuzuriha-Inori\chessboard1\chessboard1\Debug\link-cvtres.read.1.tlog
C:\Users\yixi\Yuzuriha-Inori\chessboard1\chessboard1\Debug\link-cvtres.write.1.tlog
C:\Users\yixi\Yuzuriha-Inori\chessboard1\chessboard1\Debug\link-rc.read.1.tlog
C:\Users\yixi\Yuzuriha-Inori\chessboard1\chessboard1\Debug\link-rc.write.1.tlog
C:\Users\yixi\Yuzuriha-Inori\chessboard1\chessboard1\Debug\link.12212-cvtres.read.1.tlog
C:\Users\yixi\Yuzuriha-Inori\chessboard1\chessboard1\Debug\link.12212-cvtres.write.1.tlog
C:\Users\yixi\Yuzuriha-Inori\chessboard1\chessboard1\Debug\link.12212-rc.read.1.tlog
C:\Users\yixi\Yuzuriha-Inori\chessboard1\chessboard1\Debug\link.12212-rc.write.1.tlog
C:\Users\yixi\Yuzuriha-Inori\chessboard1\chessboard1\Debug\link.12212.read.1.tlog
C:\Users\yixi\Yuzuriha-Inori\chessboard1\chessboard1\Debug\link.12212.write.1.tlog
C:\Users\yixi\Yuzuriha-Inori\chessboard1\chessboard1\Debug\link.command.1.tlog
C:\Users\yixi\Yuzuriha-Inori\chessboard1\chessboard1\Debug\link.read.1.tlog
C:\Users\yixi\Yuzuriha-Inori\chessboard1\chessboard1\Debug\link.write.1.tlog
C:\Users\yixi\Yuzuriha-Inori\chessboard1\chessboard1\Debug\vc110.idb
C:\Users\yixi\Yuzuriha-Inori\chessboard1\chessboard1\Debug\vc110.pdb
C:\Users\yixi\Yuzuriha-Inori\chessboard1\Debug\chessboard1.pdb
C:\Users\yixi\Yuzuriha-Inori\chessboard1\Debug\chessboard1.exe
C:\Users\yixi\Yuzuriha-Inori\chessboard1\Debug\chessboard1.ilk
